[0227/142506.854:ERROR:file_io.cc(134)] WriteFile: There is not enough space on the disk. (0x70)
[0227/142506.855:ERROR:crash_report_exception_handler.cc(111)] WriteEverything failed
[0227/142506.855:ERROR:filesystem_win.cc(148)] DeleteFile C:\Users\m4k04\AppData\Local\Temp\scoped_dir23900_19894\Crashpad\reports\3d38cd7e-bf21-4d44-9008-be1fa8abf19b.dmp: The process cannot access the file because it is being used by another process. (0x20)
[0227/143537.868:ERROR:file_io.cc(134)] WriteFile: There is not enough space on the disk. (0x70)
[0227/143537.869:ERROR:crash_report_exception_handler.cc(111)] WriteEverything failed
[0227/145238.161:ERROR:file_io.cc(134)] WriteFile: There is not enough space on the disk. (0x70)
[0227/145238.162:ERROR:crash_report_exception_handler.cc(111)] WriteEverything failed
[0227/145238.162:ERROR:filesystem_win.cc(148)] DeleteFile C:\Users\m4k04\AppData\Local\Temp\scoped_dir20904_5744\Crashpad\reports\5f3d6dee-f3fd-4fe3-aace-f10328525bb7.dmp: The process cannot access the file because it is being used by another process. (0x20)
[0227/145620.275:ERROR:file_io.cc(134)] WriteFile: There is not enough space on the disk. (0x70)
[0227/145620.275:ERROR:crash_report_exception_handler.cc(111)] WriteEverything failed
[0227/145620.276:ERROR:filesystem_win.cc(148)] DeleteFile C:\Users\m4k04\AppData\Local\Temp\scoped_dir6936_14029\Crashpad\reports\0e871319-4055-4e92-b179-0940ee2b7c17.dmp: The process cannot access the file because it is being used by another process. (0x20)
[0227/145656.278:ERROR:file_io.cc(134)] WriteFile: There is not enough space on the disk. (0x70)
[0227/145656.278:ERROR:crash_report_exception_handler.cc(111)] WriteEverything failed
[0227/145656.279:ERROR:filesystem_win.cc(148)] DeleteFile C:\Users\m4k04\AppData\Local\Temp\scoped_dir25804_23735\Crashpad\reports\b85314c6-d33b-4bba-b3d8-268fd62f5d94.dmp: The process cannot access the file because it is being used by another process. (0x20)
[0227/145712.199:ERROR:file_io.cc(134)] WriteFile: There is not enough space on the disk. (0x70)
[0227/145712.200:ERROR:crash_report_exception_handler.cc(111)] WriteEverything failed
[0227/145712.200:ERROR:filesystem_win.cc(148)] DeleteFile C:\Users\m4k04\AppData\Local\Temp\scoped_dir17320_10065\Crashpad\reports\dbc1c4da-9fe7-4bed-94ad-4569013eb315.dmp: The process cannot access the file because it is being used by another process. (0x20)
[0227/164547.836:ERROR:process_reader_win.cc(123)] NtOpenThread: {Access Denied} A process has requested access to an object, but has not been granted those access rights. (0xc0000022)
[0227/164547.838:ERROR:exception_snapshot_win.cc(88)] thread ID 16828 not found in process
[0227/164548.630:ERROR:process_reader_win.cc(123)] NtOpenThread: {Access Denied} A process has requested access to an object, but has not been granted those access rights. (0xc0000022)
[0227/164548.631:ERROR:exception_snapshot_win.cc(88)] thread ID 1064 not found in process
[0227/164738.913:ERROR:process_reader_win.cc(123)] NtOpenThread: {Access Denied} A process has requested access to an object, but has not been granted those access rights. (0xc0000022)
[0227/164738.913:ERROR:exception_snapshot_win.cc(88)] thread ID 10928 not found in process
[0228/144019.031:ERROR:process_reader_win.cc(123)] NtOpenThread: {Access Denied} A process has requested access to an object, but has not been granted those access rights. (0xc0000022)
[0228/144019.032:ERROR:exception_snapshot_win.cc(88)] thread ID 5984 not found in process
[0228/144407.505:ERROR:process_reader_win.cc(123)] NtOpenThread: {Access Denied} A process has requested access to an object, but has not been granted those access rights. (0xc0000022)
[0228/144407.506:ERROR:exception_snapshot_win.cc(88)] thread ID 17000 not found in process
[0228/153852.921:ERROR:process_reader_win.cc(123)] NtOpenThread: {Access Denied} A process has requested access to an object, but has not been granted those access rights. (0xc0000022)
[0228/153852.922:ERROR:exception_snapshot_win.cc(88)] thread ID 5400 not found in process
[0228/153854.056:ERROR:process_reader_win.cc(123)] NtOpenThread: {Access Denied} A process has requested access to an object, but has not been granted those access rights. (0xc0000022)
[0228/153854.057:ERROR:exception_snapshot_win.cc(88)] thread ID 3008 not found in process
[0228/160617.042:ERROR:process_reader_win.cc(123)] NtOpenThread: {Access Denied} A process has requested access to an object, but has not been granted those access rights. (0xc0000022)
[0228/160617.043:ERROR:exception_snapshot_win.cc(88)] thread ID 5468 not found in process
[0228/161052.975:ERROR:process_reader_win.cc(123)] NtOpenThread: {Access Denied} A process has requested access to an object, but has not been granted those access rights. (0xc0000022)
[0228/161052.976:ERROR:exception_snapshot_win.cc(88)] thread ID 18324 not found in process
